<?xml version="1.0" encoding="UTF-8"?>
<testsuite name="org.gradle.MakeTestService" tests="1" skipped="0" failures="0" errors="0" timestamp="2016-06-24T13:28:35" hostname="EPBYVITW0154" time="0.171">
  <properties/>
  <testcase name="test" classname="org.gradle.MakeTestService" time="0.171"/>
  <system-out><![CDATA[INFO org.springframework.test.context.support.DefaultTestContextBootstrapper: Loaded default TestExecutionListener class names from location [META-INF/spring.factories]: [org.springframework.test.context.web.ServletTestExecutionListener, org.springframework.test.context.support.DirtiesContextBeforeModesTestExecutionListener, org.springframework.test.context.support.DependencyInjectionTestExecutionListener, org.springframework.test.context.support.DirtiesContextTestExecutionListener, org.springframework.test.context.transaction.TransactionalTestExecutionListener, org.springframework.test.context.jdbc.SqlScriptsTestExecutionListener]
INFO org.springframework.test.context.support.DefaultTestContextBootstrapper: Could not instantiate TestExecutionListener [org.springframework.test.context.web.ServletTestExecutionListener]. Specify custom listener classes or make the default listener classes (and their required dependencies) available. Offending class: [org/springframework/web/context/request/RequestAttributes]
INFO org.springframework.test.context.support.DefaultTestContextBootstrapper: Using TestExecutionListeners: [org.springframework.test.context.support.DirtiesContextBeforeModesTestExecutionListener@1beebe57, org.springframework.test.context.support.DependencyInjectionTestExecutionListener@3d39e4ae, org.springframework.test.context.support.DirtiesContextTestExecutionListener@3f135154, org.springframework.test.context.transaction.TransactionalTestExecutionListener@746d914d, org.springframework.test.context.jdbc.SqlScriptsTestExecutionListener@1a9f9591]
INFO org.springframework.beans.factory.xml.XmlBeanDefinitionReader: Loading XML bean definitions from class path resource [spring/context.xml]
INFO org.springframework.context.support.GenericApplicationContext: Refreshing org.springframework.context.support.GenericApplicationContext@79908ab5: startup date [Fri Jun 24 16:28:35 MSK 2016]; root of context hierarchy
INFO org.springframework.context.support.PropertySourcesPlaceholderConfigurer: Loading properties file from class path resource [settings.properties]
[DEBUG] Logging initialized using 'class org.apache.ibatis.logging.slf4j.Slf4jImpl' adapter.
[DEBUG] Class not found: org.jboss.vfs.VFS
[DEBUG] JBoss 6 VFS API is not available in this environment.
[DEBUG] Class not found: org.jboss.vfs.VirtualFile
[DEBUG] VFS implementation org.apache.ibatis.io.JBoss6VFS is not valid in this environment.
[DEBUG] Using VFS adapter org.apache.ibatis.io.DefaultVFS
[DEBUG] Find JAR URL: file:/D:/project/simple-project/simple-project/build/instrumented_classes/org/gradle/domain
[DEBUG] Not a JAR: file:/D:/project/simple-project/simple-project/build/instrumented_classes/org/gradle/domain
[DEBUG] Reader entry: Entity.class
[DEBUG] Reader entry: Make.class
[DEBUG] Reader entry: Model.class
[DEBUG] Reader entry: NamedEntity.class
[DEBUG] Listing file:/D:/project/simple-project/simple-project/build/instrumented_classes/org/gradle/domain
[DEBUG] Find JAR URL: file:/D:/project/simple-project/simple-project/build/instrumented_classes/org/gradle/domain/Entity.class
[DEBUG] Not a JAR: file:/D:/project/simple-project/simple-project/build/instrumented_classes/org/gradle/domain/Entity.class
[DEBUG] Reader entry: Кюєѕ???4?L???org/gradle/domain/Entity??????java/lang/Object??????__cobertura_counters???[I???Entity.java???id???Ljava/lang/Long;???<init>???()V??????????	???
[DEBUG] Find JAR URL: file:/D:/project/simple-project/simple-project/build/instrumented_classes/org/gradle/domain/Make.class
[DEBUG] Not a JAR: file:/D:/project/simple-project/simple-project/build/instrumented_classes/org/gradle/domain/Make.class
[DEBUG] Reader entry: Кюєѕ???4?Q???org/gradle/domain/Make??????org/gradle/domain/NamedEntity??????__cobertura_counters???[I??	Make.java???models???Ljava/util/List;??+Ljava/util/List<Lorg/gradle/domain/Model;>;???<init>???()V??????????	??????????????
[DEBUG] Find JAR URL: file:/D:/project/simple-project/simple-project/build/instrumented_classes/org/gradle/domain/Model.class
[DEBUG] Not a JAR: file:/D:/project/simple-project/simple-project/build/instrumented_classes/org/gradle/domain/Model.class
[DEBUG] Reader entry: Кюєѕ???4?j???org/gradle/domain/Model??????org/gradle/domain/NamedEntity??????__cobertura_counters???[I??
[DEBUG] Find JAR URL: file:/D:/project/simple-project/simple-project/build/instrumented_classes/org/gradle/domain/NamedEntity.class
[DEBUG] Not a JAR: file:/D:/project/simple-project/simple-project/build/instrumented_classes/org/gradle/domain/NamedEntity.class
[DEBUG] Reader entry: Кюєѕ???4?K???org/gradle/domain/NamedEntity??????org/gradle/domain/Entity??????__cobertura_counters???[I???NamedEntity.java???name???Ljava/lang/String;???<init>???()V??????????	???
[DEBUG] Find JAR URL: file:/D:/project/simple-project/simple-project/build/classes/main/org/gradle/domain
[DEBUG] Not a JAR: file:/D:/project/simple-project/simple-project/build/classes/main/org/gradle/domain
[DEBUG] Reader entry: Entity.class
[DEBUG] Reader entry: Make.class
[DEBUG] Reader entry: Model.class
[DEBUG] Reader entry: NamedEntity.class
[DEBUG] Listing file:/D:/project/simple-project/simple-project/build/classes/main/org/gradle/domain
[DEBUG] Find JAR URL: file:/D:/project/simple-project/simple-project/build/classes/main/org/gradle/domain/Entity.class
[DEBUG] Not a JAR: file:/D:/project/simple-project/simple-project/build/classes/main/org/gradle/domain/Entity.class
[DEBUG] Reader entry: Кюєѕ???4??
[DEBUG] Find JAR URL: file:/D:/project/simple-project/simple-project/build/classes/main/org/gradle/domain/Make.class
[DEBUG] Not a JAR: file:/D:/project/simple-project/simple-project/build/classes/main/org/gradle/domain/Make.class
[DEBUG] Reader entry: Кюєѕ???4??
[DEBUG] Find JAR URL: file:/D:/project/simple-project/simple-project/build/classes/main/org/gradle/domain/Model.class
[DEBUG] Not a JAR: file:/D:/project/simple-project/simple-project/build/classes/main/org/gradle/domain/Model.class
[DEBUG] Reader entry: Кюєѕ???4?%
[DEBUG] Find JAR URL: file:/D:/project/simple-project/simple-project/build/classes/main/org/gradle/domain/NamedEntity.class
[DEBUG] Not a JAR: file:/D:/project/simple-project/simple-project/build/classes/main/org/gradle/domain/NamedEntity.class
[DEBUG] Reader entry: Кюєѕ???4??
[DEBUG] Checking to see if class org.gradle.domain.Entity matches criteria [is assignable to Object]
[DEBUG] Checking to see if class org.gradle.domain.Make matches criteria [is assignable to Object]
[DEBUG] Checking to see if class org.gradle.domain.Model matches criteria [is assignable to Object]
[DEBUG] Checking to see if class org.gradle.domain.NamedEntity matches criteria [is assignable to Object]
[DEBUG] Checking to see if class org.gradle.domain.Entity matches criteria [is assignable to Object]
[DEBUG] Checking to see if class org.gradle.domain.Make matches criteria [is assignable to Object]
[DEBUG] Checking to see if class org.gradle.domain.Model matches criteria [is assignable to Object]
[DEBUG] Checking to see if class org.gradle.domain.NamedEntity matches criteria [is assignable to Object]
[DEBUG] Parsed configuration file: 'class path resource [spring/mybatis.xml]'
[DEBUG] Parsed mapper file: 'file [D:\project\simple-project\simple-project\build\resources\main\mybatis\make.xml]'
[DEBUG] Parsed mapper file: 'file [D:\project\simple-project\simple-project\build\resources\main\mybatis\model.xml]'
INFO org.springframework.test.context.transaction.TransactionContext: Began transaction (1) for test context [DefaultTestContext@453e3c6d testClass = MakeTestService, testInstance = org.gradle.MakeTestService@6f84df23, testMethod = test@MakeTestService, testException = [null], mergedContextConfiguration = [MergedContextConfiguration@76783dce testClass = MakeTestService, locations = '{classpath:spring/context.xml}', classes = '{}', contextInitializerClasses = '[]', activeProfiles = '{}', propertySourceLocations = '{}', propertySourceProperties = '{}', contextCustomizers = set[[empty]], contextLoader = 'org.springframework.test.context.support.DelegatingSmartContextLoader', parent = [null]]]; transaction manager [org.springframework.jdbc.datasource.DataSourceTransactionManager@74a53b59]; rollback [true]
DEBUG org.gradle.dao.MakeDao.findAll: ==>  Preparing: SELECT make.id, make.name, model.id AS MODEL_ID, model.name AS MODEL_NAME, model.start_date AS MODEL_START_DATE,model.end_date AS MODEL_END_DATE FROM public.make make INNER JOIN public.model model ON make.id = model.make_id 
DEBUG org.gradle.dao.MakeDao.findAll: ==> Parameters: 
DEBUG org.gradle.dao.MakeDao.findAll: <==      Total: 0
DEBUG org.gradle.dao.MakeDao.create: ==>  Preparing: INSERT INTO public.make (name) VALUES (?) 
DEBUG org.gradle.dao.MakeDao.create: ==> Parameters: VW(String)
DEBUG org.gradle.dao.MakeDao.create: <==    Updates: 1
DEBUG org.gradle.dao.ModelDao.create: ==>  Preparing: INSERT INTO public.model (name, start_date, end_date, make_id) VALUES (?, ?, ?, ?) 
DEBUG org.gradle.dao.ModelDao.create: ==> Parameters: GOLF IV(String), 1999-01-01 00:00:00.0(Timestamp), 2003-01-01 00:00:00.0(Timestamp), 6(Long)
DEBUG org.gradle.dao.ModelDao.create: <==    Updates: 1
DEBUG org.gradle.dao.ModelDao.create: ==>  Preparing: INSERT INTO public.model (name, start_date, end_date, make_id) VALUES (?, ?, ?, ?) 
DEBUG org.gradle.dao.ModelDao.create: ==> Parameters: POLO(String), 1997-01-01 00:00:00.0(Timestamp), 2015-01-01 00:00:00.0(Timestamp), 6(Long)
DEBUG org.gradle.dao.ModelDao.create: <==    Updates: 1
DEBUG org.gradle.dao.MakeDao.read: ==>  Preparing: SELECT make.id, make.name, model.id AS MODEL_ID, model.name AS MODEL_NAME, model.start_date AS MODEL_START_DATE,model.end_date AS MODEL_END_DATE FROM public.make make INNER JOIN public.model model ON make.id = model.make_id WHERE make.id=? 
DEBUG org.gradle.dao.MakeDao.read: ==> Parameters: 6(Long)
DEBUG org.gradle.dao.MakeDao.read: <==      Total: 2
DEBUG org.gradle.dao.MakeDao.update: ==>  Preparing: UPDATE public.make SET name=? WHERE id=? 
DEBUG org.gradle.dao.MakeDao.update: ==> Parameters: Audi(String), 6(Long)
DEBUG org.gradle.dao.MakeDao.update: <==    Updates: 1
DEBUG org.gradle.dao.ModelDao.findByMakeId: ==>  Preparing: SELECT id, name, start_date, end_date FROM public.model WHERE make_id=? 
DEBUG org.gradle.dao.ModelDao.findByMakeId: ==> Parameters: 6(Long)
DEBUG org.gradle.dao.ModelDao.findByMakeId: <==      Total: 2
DEBUG org.gradle.dao.ModelDao.create: ==>  Preparing: INSERT INTO public.model (name, start_date, end_date, make_id) VALUES (?, ?, ?, ?) 
DEBUG org.gradle.dao.ModelDao.create: ==> Parameters: 100(String), 1990-01-01 00:00:00.0(Timestamp), 2003-01-01 00:00:00.0(Timestamp), 6(Long)
DEBUG org.gradle.dao.ModelDao.create: <==    Updates: 1
DEBUG org.gradle.dao.ModelDao.deleteOrphanModel: ==>  Preparing: DELETE FROM public.model WHERE id IN ( ? , ? ) 
DEBUG org.gradle.dao.ModelDao.deleteOrphanModel: ==> Parameters: 16(Long), 17(Long)
DEBUG org.gradle.dao.ModelDao.deleteOrphanModel: <==    Updates: 2
DEBUG org.gradle.dao.MakeDao.read: ==>  Preparing: SELECT make.id, make.name, model.id AS MODEL_ID, model.name AS MODEL_NAME, model.start_date AS MODEL_START_DATE,model.end_date AS MODEL_END_DATE FROM public.make make INNER JOIN public.model model ON make.id = model.make_id WHERE make.id=? 
DEBUG org.gradle.dao.MakeDao.read: ==> Parameters: 6(Long)
DEBUG org.gradle.dao.MakeDao.read: <==      Total: 1
DEBUG org.gradle.dao.MakeDao.findAll: ==>  Preparing: SELECT make.id, make.name, model.id AS MODEL_ID, model.name AS MODEL_NAME, model.start_date AS MODEL_START_DATE,model.end_date AS MODEL_END_DATE FROM public.make make INNER JOIN public.model model ON make.id = model.make_id 
DEBUG org.gradle.dao.MakeDao.findAll: ==> Parameters: 
DEBUG org.gradle.dao.MakeDao.findAll: <==      Total: 1
DEBUG org.gradle.dao.ModelDao.deleteByMakeId: ==>  Preparing: DELETE FROM public.model WHERE make_id=? 
DEBUG org.gradle.dao.ModelDao.deleteByMakeId: ==> Parameters: 6(Long)
DEBUG org.gradle.dao.ModelDao.deleteByMakeId: <==    Updates: 1
DEBUG org.gradle.dao.MakeDao.delete: ==>  Preparing: DELETE FROM public.make WHERE id=? 
DEBUG org.gradle.dao.MakeDao.delete: ==> Parameters: 6(Long)
DEBUG org.gradle.dao.MakeDao.delete: <==    Updates: 1
DEBUG org.gradle.dao.MakeDao.read: ==>  Preparing: SELECT make.id, make.name, model.id AS MODEL_ID, model.name AS MODEL_NAME, model.start_date AS MODEL_START_DATE,model.end_date AS MODEL_END_DATE FROM public.make make INNER JOIN public.model model ON make.id = model.make_id WHERE make.id=? 
DEBUG org.gradle.dao.MakeDao.read: ==> Parameters: 6(Long)
DEBUG org.gradle.dao.MakeDao.read: <==      Total: 0
DEBUG org.gradle.dao.MakeDao.findAll: ==>  Preparing: SELECT make.id, make.name, model.id AS MODEL_ID, model.name AS MODEL_NAME, model.start_date AS MODEL_START_DATE,model.end_date AS MODEL_END_DATE FROM public.make make INNER JOIN public.model model ON make.id = model.make_id 
DEBUG org.gradle.dao.MakeDao.findAll: ==> Parameters: 
DEBUG org.gradle.dao.MakeDao.findAll: <==      Total: 0
INFO org.springframework.test.context.transaction.TransactionContext: Rolled back transaction for test context [DefaultTestContext@453e3c6d testClass = MakeTestService, testInstance = org.gradle.MakeTestService@6f84df23, testMethod = test@MakeTestService, testException = [null], mergedContextConfiguration = [MergedContextConfiguration@76783dce testClass = MakeTestService, locations = '{classpath:spring/context.xml}', classes = '{}', contextInitializerClasses = '[]', activeProfiles = '{}', propertySourceLocations = '{}', propertySourceProperties = '{}', contextCustomizers = set[[empty]], contextLoader = 'org.springframework.test.context.support.DelegatingSmartContextLoader', parent = [null]]].
]]></system-out>
  <system-err><![CDATA[]]></system-err>
</testsuite>
