<?xml version="1.0" encoding="UTF-8"?>
<testsuite name="org.gradle.MakeTestService" tests="2" skipped="0" failures="0" errors="0" timestamp="2016-06-22T05:08:38" hostname="artiom-home-pc" time="1.324">
  <properties/>
  <testcase name="test" classname="org.gradle.MakeTestService" time="0.662"/>
  <testcase name="testUpdate" classname="org.gradle.MakeTestService" time="0.643"/>
  <system-out><![CDATA[INFO org.springframework.test.context.support.DefaultTestContextBootstrapper: Loaded default TestExecutionListener class names from location [META-INF/spring.factories]: [org.springframework.test.context.web.ServletTestExecutionListener, org.springframework.test.context.support.DirtiesContextBeforeModesTestExecutionListener, org.springframework.test.context.support.DependencyInjectionTestExecutionListener, org.springframework.test.context.support.DirtiesContextTestExecutionListener, org.springframework.test.context.transaction.TransactionalTestExecutionListener, org.springframework.test.context.jdbc.SqlScriptsTestExecutionListener]
INFO org.springframework.test.context.support.DefaultTestContextBootstrapper: Could not instantiate TestExecutionListener [org.springframework.test.context.web.ServletTestExecutionListener]. Specify custom listener classes or make the default listener classes (and their required dependencies) available. Offending class: [javax/servlet/ServletContext]
INFO org.springframework.test.context.support.DefaultTestContextBootstrapper: Using TestExecutionListeners: [org.springframework.test.context.support.DirtiesContextBeforeModesTestExecutionListener@138ada8, org.springframework.test.context.support.DependencyInjectionTestExecutionListener@c20017, org.springframework.test.context.support.DirtiesContextTestExecutionListener@1c678b9, org.springframework.test.context.transaction.TransactionalTestExecutionListener@e81f0c, org.springframework.test.context.jdbc.SqlScriptsTestExecutionListener@37ba14]
INFO org.springframework.beans.factory.xml.XmlBeanDefinitionReader: Loading XML bean definitions from class path resource [spring/context.xml]
INFO org.springframework.context.support.GenericApplicationContext: Refreshing org.springframework.context.support.GenericApplicationContext@11691ec: startup date [Wed Jun 22 07:08:36 EET 2016]; root of context hierarchy
INFO org.springframework.context.support.PropertySourcesPlaceholderConfigurer: Loading properties file from class path resource [settings.properties]
INFO org.springframework.test.context.transaction.TransactionContext: Began transaction (1) for test context [DefaultTestContext@1101ebe testClass = MakeTestService, testInstance = org.gradle.MakeTestService@c93184, testMethod = test@MakeTestService, testException = [null], mergedContextConfiguration = [MergedContextConfiguration@17b7f96 testClass = MakeTestService, locations = '{classpath:spring/context.xml}', classes = '{}', contextInitializerClasses = '[]', activeProfiles = '{}', propertySourceLocations = '{}', propertySourceProperties = '{}', contextCustomizers = set[[empty]], contextLoader = 'org.springframework.test.context.support.DelegatingSmartContextLoader', parent = [null]]]; transaction manager [org.springframework.jdbc.datasource.DataSourceTransactionManager@3a1456]; rollback [true]
DEBUG org.gradle.dao.MakeDao.findAll: ==>  Preparing: SELECT make.id, make.name, model.id AS MODEL_ID, model.name AS MODEL_NAME, model.start_date AS MODEL_START_DATE, model.end_date AS MODEL_END_DATE FROM public.make make INNER JOIN public.model model ON make.id = model.make_id 
DEBUG org.gradle.dao.MakeDao.findAll: ==> Parameters: 
DEBUG org.gradle.dao.MakeDao.findAll: <==      Total: 0
DEBUG org.gradle.dao.MakeDao.create: ==>  Preparing: INSERT INTO public.make (name) VALUES (?) 
DEBUG org.gradle.dao.MakeDao.create: ==> Parameters: VW(String)
DEBUG org.gradle.dao.MakeDao.create: <==    Updates: 1
DEBUG org.gradle.dao.ModelDao.create: ==>  Preparing: INSERT INTO public.model (name, start_date, end_date, make_id) VALUES (?, ?, ?, ?) 
DEBUG org.gradle.dao.ModelDao.create: ==> Parameters: Golf(String), 1999-01-01 07:08:38.499(Timestamp), 2003-01-01 07:08:38.499(Timestamp), 28(Long)
DEBUG org.gradle.dao.ModelDao.create: <==    Updates: 1
DEBUG org.gradle.dao.MakeDao.read: ==>  Preparing: SELECT make.id, make.name, model.id AS MODEL_ID, model.name AS MODEL_NAME, model.start_date AS MODEL_START_DATE, model.end_date AS MODEL_END_DATE FROM public.make make INNER JOIN public.model model ON make.id = model.make_id WHERE make.id=? 
DEBUG org.gradle.dao.MakeDao.read: ==> Parameters: 28(Long)
DEBUG org.gradle.dao.MakeDao.read: <==      Total: 1
DEBUG org.gradle.dao.MakeDao.findAll: ==>  Preparing: SELECT make.id, make.name, model.id AS MODEL_ID, model.name AS MODEL_NAME, model.start_date AS MODEL_START_DATE, model.end_date AS MODEL_END_DATE FROM public.make make INNER JOIN public.model model ON make.id = model.make_id 
DEBUG org.gradle.dao.MakeDao.findAll: ==> Parameters: 
DEBUG org.gradle.dao.MakeDao.findAll: <==      Total: 1
DEBUG org.gradle.dao.ModelDao.deleteByMakeId: ==>  Preparing: DELETE FROM public.model WHERE make_id=? 
DEBUG org.gradle.dao.ModelDao.deleteByMakeId: ==> Parameters: 28(Long)
DEBUG org.gradle.dao.ModelDao.deleteByMakeId: <==    Updates: 1
DEBUG org.gradle.dao.MakeDao.delete: ==>  Preparing: DELETE FROM public.make WHERE id=? 
DEBUG org.gradle.dao.MakeDao.delete: ==> Parameters: 28(Long)
DEBUG org.gradle.dao.MakeDao.delete: <==    Updates: 1
DEBUG org.gradle.dao.MakeDao.read: ==>  Preparing: SELECT make.id, make.name, model.id AS MODEL_ID, model.name AS MODEL_NAME, model.start_date AS MODEL_START_DATE, model.end_date AS MODEL_END_DATE FROM public.make make INNER JOIN public.model model ON make.id = model.make_id WHERE make.id=? 
DEBUG org.gradle.dao.MakeDao.read: ==> Parameters: 28(Long)
DEBUG org.gradle.dao.MakeDao.read: <==      Total: 0
DEBUG org.gradle.dao.MakeDao.findAll: ==>  Preparing: SELECT make.id, make.name, model.id AS MODEL_ID, model.name AS MODEL_NAME, model.start_date AS MODEL_START_DATE, model.end_date AS MODEL_END_DATE FROM public.make make INNER JOIN public.model model ON make.id = model.make_id 
DEBUG org.gradle.dao.MakeDao.findAll: ==> Parameters: 
DEBUG org.gradle.dao.MakeDao.findAll: <==      Total: 0
INFO org.springframework.test.context.transaction.TransactionContext: Rolled back transaction for test context [DefaultTestContext@1101ebe testClass = MakeTestService, testInstance = org.gradle.MakeTestService@c93184, testMethod = test@MakeTestService, testException = [null], mergedContextConfiguration = [MergedContextConfiguration@17b7f96 testClass = MakeTestService, locations = '{classpath:spring/context.xml}', classes = '{}', contextInitializerClasses = '[]', activeProfiles = '{}', propertySourceLocations = '{}', propertySourceProperties = '{}', contextCustomizers = set[[empty]], contextLoader = 'org.springframework.test.context.support.DelegatingSmartContextLoader', parent = [null]]].
INFO org.springframework.test.context.transaction.TransactionContext: Began transaction (1) for test context [DefaultTestContext@1101ebe testClass = MakeTestService, testInstance = org.gradle.MakeTestService@5c18a8, testMethod = testUpdate@MakeTestService, testException = [null], mergedContextConfiguration = [MergedContextConfiguration@17b7f96 testClass = MakeTestService, locations = '{classpath:spring/context.xml}', classes = '{}', contextInitializerClasses = '[]', activeProfiles = '{}', propertySourceLocations = '{}', propertySourceProperties = '{}', contextCustomizers = set[[empty]], contextLoader = 'org.springframework.test.context.support.DelegatingSmartContextLoader', parent = [null]]]; transaction manager [org.springframework.jdbc.datasource.DataSourceTransactionManager@3a1456]; rollback [true]
DEBUG org.gradle.dao.MakeDao.create: ==>  Preparing: INSERT INTO public.make (name) VALUES (?) 
DEBUG org.gradle.dao.MakeDao.create: ==> Parameters: VW(String)
DEBUG org.gradle.dao.MakeDao.create: <==    Updates: 1
DEBUG org.gradle.dao.ModelDao.create: ==>  Preparing: INSERT INTO public.model (name, start_date, end_date, make_id) VALUES (?, ?, ?, ?) 
DEBUG org.gradle.dao.ModelDao.create: ==> Parameters: GOLF IV(String), 1999-01-01 07:08:38.952(Timestamp), 2003-01-01 07:08:38.952(Timestamp), 29(Long)
DEBUG org.gradle.dao.ModelDao.create: <==    Updates: 1
DEBUG org.gradle.dao.ModelDao.create: ==>  Preparing: INSERT INTO public.model (name, start_date, end_date, make_id) VALUES (?, ?, ?, ?) 
DEBUG org.gradle.dao.ModelDao.create: ==> Parameters: POLO(String), 1997-01-01 07:08:38.952(Timestamp), 2015-01-01 07:08:38.952(Timestamp), 29(Long)
DEBUG org.gradle.dao.ModelDao.create: <==    Updates: 1
DEBUG org.gradle.dao.MakeDao.update: ==>  Preparing: UPDATE public.make SET name=? WHERE id=? 
DEBUG org.gradle.dao.MakeDao.update: ==> Parameters: VW(String), 29(Long)
DEBUG org.gradle.dao.MakeDao.update: <==    Updates: 1
DEBUG org.gradle.dao.ModelDao.findByMakeId: ==>  Preparing: SELECT id, name, start_date, end_date FROM public.model WHERE make_id=? 
DEBUG org.gradle.dao.ModelDao.findByMakeId: ==> Parameters: 29(Long)
DEBUG org.gradle.dao.ModelDao.findByMakeId: <==      Total: 2
DEBUG org.gradle.dao.ModelDao.update: ==>  Preparing: UPDATE public.model SET name=?, start_date=?, end_date=? WHERE id=? 
DEBUG org.gradle.dao.ModelDao.update: ==> Parameters: POLO(String), 1997-01-01 07:08:38.952(Timestamp), 2015-01-01 07:08:38.952(Timestamp), 44(Long)
DEBUG org.gradle.dao.ModelDao.update: <==    Updates: 1
DEBUG org.gradle.dao.ModelDao.deleteOrphanModel: ==>  Preparing: DELETE FROM public.model WHERE id IN ( ? ) 
DEBUG org.gradle.dao.ModelDao.deleteOrphanModel: ==> Parameters: 43(Long)
DEBUG org.gradle.dao.ModelDao.deleteOrphanModel: <==    Updates: 1
DEBUG org.gradle.dao.ModelDao.update: ==>  Preparing: UPDATE public.model SET name=?, start_date=?, end_date=? WHERE id=? 
DEBUG org.gradle.dao.ModelDao.update: ==> Parameters: POLO(String), 1997-01-01 07:08:38.952(Timestamp), 2015-01-01 07:08:38.952(Timestamp), 44(Long)
DEBUG org.gradle.dao.ModelDao.update: <==    Updates: 1
DEBUG org.gradle.dao.MakeDao.read: ==>  Preparing: SELECT make.id, make.name, model.id AS MODEL_ID, model.name AS MODEL_NAME, model.start_date AS MODEL_START_DATE, model.end_date AS MODEL_END_DATE FROM public.make make INNER JOIN public.model model ON make.id = model.make_id WHERE make.id=? 
DEBUG org.gradle.dao.MakeDao.read: ==> Parameters: 29(Long)
DEBUG org.gradle.dao.MakeDao.read: <==      Total: 1
INFO org.springframework.test.context.transaction.TransactionContext: Rolled back transaction for test context [DefaultTestContext@1101ebe testClass = MakeTestService, testInstance = org.gradle.MakeTestService@5c18a8, testMethod = testUpdate@MakeTestService, testException = [null], mergedContextConfiguration = [MergedContextConfiguration@17b7f96 testClass = MakeTestService, locations = '{classpath:spring/context.xml}', classes = '{}', contextInitializerClasses = '[]', activeProfiles = '{}', propertySourceLocations = '{}', propertySourceProperties = '{}', contextCustomizers = set[[empty]], contextLoader = 'org.springframework.test.context.support.DelegatingSmartContextLoader', parent = [null]]].
]]></system-out>
  <system-err><![CDATA[]]></system-err>
</testsuite>
